<?xml version="1.0" encoding="UTF-8"?>
<testng-results skipped="0" failed="0" ignored="0" total="1" passed="1">
  <reporter-output>
  </reporter-output>
  <suite name="Default suite" duration-ms="15463" started-at="2017-09-03T09:41:24Z" finished-at="2017-09-03T09:41:39Z">
    <groups>
    </groups>
    <test name="Default test" duration-ms="15463" started-at="2017-09-03T09:41:24Z" finished-at="2017-09-03T09:41:39Z">
      <class name="com.gogu.webauto.pom.testcases.ProfileTest">
        <test-method status="PASS" signature="testProfile()[pri:0, instance:com.gogu.webauto.pom.testcases.ProfileTest@1deb50e]" name="testProfile" duration-ms="15233" started-at="2017-09-03T15:11:24Z" finished-at="2017-09-03T15:11:39Z">
          <reporter-output>
          </reporter-output>
        </test-method> <!-- testProfile -->
      </class> <!-- com.gogu.webauto.pom.testcases.ProfileTest -->
    </test> <!-- Default test -->
  </suite> <!-- Default suite -->
</testng-results>
